# JRE version: Java(TM) SE Runtime Environment (8.0_60-b27) (build 1.8.0_60-b27)
# Java VM: Java HotSpot(TM) 64-Bit Server VM (25.60-b23 mixed mode windows-amd64 compressed oops)
Heap:
 PSYoungGen      total 140800K, used 53688K [0x000000076b580000, 0x0000000774980000, 0x00000007c0000000)
  eden space 130048K, 41% used [0x000000076b580000,0x000000076e9ee130,0x0000000773480000)
  from space 10752K, 0% used [0x0000000773480000,0x0000000773480000,0x0000000773f00000)
  to   space 10752K, 0% used [0x0000000773f00000,0x0000000773f00000,0x0000000774980000)
 ParOldGen       total 116224K, used 27704K [0x00000006c2000000, 0x00000006c9180000, 0x000000076b580000)
  object space 116224K, 23% used [0x00000006c2000000,0x00000006c3b0e070,0x00000006c9180000)
 Metaspace       used 36995K, capacity 37606K, committed 37928K, reserved 1083392K
  class space    used 4729K, capacity 4902K, committed 4904K, reserved 1048576K
GC Heap History (10 events):
Event: 0.661 GC heap before
{Heap before GC invocations=1 (full 0):
 PSYoungGen      total 75776K, used 65024K [0x000000076b580000, 0x0000000770a00000, 0x00000007c0000000)
  eden space 65024K, 100% used [0x000000076b580000,0x000000076f500000,0x000000076f500000)
  from space 10752K, 0% used [0x000000076ff80000,0x000000076ff80000,0x0000000770a00000)
  to   space 10752K, 0% used [0x000000076f500000,0x000000076f500000,0x000000076ff80000)
 ParOldGen       total 173568K, used 0K [0x00000006c2000000, 0x00000006cc980000, 0x000000076b580000)
  object space 173568K, 0% used [0x00000006c2000000,0x00000006c2000000,0x00000006cc980000)
 Metaspace       used 15619K, capacity 15988K, committed 16128K, reserved 1062912K
  class space    used 1879K, capacity 2012K, committed 2048K, reserved 1048576K
Event: 0.668 GC heap after
Heap after GC invocations=1 (full 0):
 PSYoungGen      total 75776K, used 10724K [0x000000076b580000, 0x0000000774980000, 0x00000007c0000000)
  eden space 65024K, 0% used [0x000000076b580000,0x000000076b580000,0x000000076f500000)
  from space 10752K, 99% used [0x000000076f500000,0x000000076ff79310,0x000000076ff80000)
  to   space 10752K, 0% used [0x0000000773f00000,0x0000000773f00000,0x0000000774980000)
 ParOldGen       total 173568K, used 4799K [0x00000006c2000000, 0x00000006cc980000, 0x000000076b580000)
  object space 173568K, 2% used [0x00000006c2000000,0x00000006c24aff90,0x00000006cc980000)
 Metaspace       used 15619K, capacity 15988K, committed 16128K, reserved 1062912K
  class space    used 1879K, capacity 2012K, committed 2048K, reserved 1048576K
}
Event: 0.827 GC heap before
{Heap before GC invocations=2 (full 0):
 PSYoungGen      total 75776K, used 29255K [0x000000076b580000, 0x0000000774980000, 0x00000007c0000000)
  eden space 65024K, 28% used [0x000000076b580000,0x000000076c798c80,0x000000076f500000)
  from space 10752K, 99% used [0x000000076f500000,0x000000076ff79310,0x000000076ff80000)
  to   space 10752K, 0% used [0x0000000773f00000,0x0000000773f00000,0x0000000774980000)
 ParOldGen       total 173568K, used 4799K [0x00000006c2000000, 0x00000006cc980000, 0x000000076b580000)
  object space 173568K, 2% used [0x00000006c2000000,0x00000006c24aff90,0x00000006cc980000)
 Metaspace       used 20701K, capacity 21158K, committed 21296K, reserved 1069056K
  class space    used 2518K, capacity 2650K, committed 2688K, reserved 1048576K
Event: 0.831 GC heap after
Heap after GC invocations=2 (full 0):
 PSYoungGen      total 140800K, used 9555K [0x000000076b580000, 0x0000000774980000, 0x00000007c0000000)
  eden space 130048K, 0% used [0x000000076b580000,0x000000076b580000,0x0000000773480000)
  from space 10752K, 88% used [0x0000000773f00000,0x0000000774854d00,0x0000000774980000)
  to   space 10752K, 0% used [0x0000000773480000,0x0000000773480000,0x0000000773f00000)
 ParOldGen       total 173568K, used 4871K [0x00000006c2000000, 0x00000006cc980000, 0x000000076b580000)
  object space 173568K, 2% used [0x00000006c2000000,0x00000006c24c1fa0,0x00000006cc980000)
 Metaspace       used 20701K, capacity 21158K, committed 21296K, reserved 1069056K
  class space    used 2518K, capacity 2650K, committed 2688K, reserved 1048576K
}
Event: 0.831 GC heap before
{Heap before GC invocations=3 (full 1):
 PSYoungGen      total 140800K, used 9555K [0x000000076b580000, 0x0000000774980000, 0x00000007c0000000)
  eden space 130048K, 0% used [0x000000076b580000,0x000000076b580000,0x0000000773480000)
  from space 10752K, 88% used [0x0000000773f00000,0x0000000774854d00,0x0000000774980000)
  to   space 10752K, 0% used [0x0000000773480000,0x0000000773480000,0x0000000773f00000)
 ParOldGen       total 173568K, used 4871K [0x00000006c2000000, 0x00000006cc980000, 0x000000076b580000)
  object space 173568K, 2% used [0x00000006c2000000,0x00000006c24c1fa0,0x00000006cc980000)
 Metaspace       used 20701K, capacity 21158K, committed 21296K, reserved 1069056K
  class space    used 2518K, capacity 2650K, committed 2688K, reserved 1048576K
Event: 0.850 GC heap after
Heap after GC invocations=3 (full 1):
 PSYoungGen      total 140800K, used 0K [0x000000076b580000, 0x0000000774980000, 0x00000007c0000000)
  eden space 130048K, 0% used [0x000000076b580000,0x000000076b580000,0x0000000773480000)
  from space 10752K, 0% used [0x0000000773f00000,0x0000000773f00000,0x0000000774980000)
  to   space 10752K, 0% used [0x0000000773480000,0x0000000773480000,0x0000000773f00000)
 ParOldGen       total 116224K, used 9186K [0x00000006c2000000, 0x00000006c9180000, 0x000000076b580000)
  object space 116224K, 7% used [0x00000006c2000000,0x00000006c28f8a08,0x00000006c9180000)
 Metaspace       used 20701K, capacity 21158K, committed 21296K, reserved 1069056K
  class space    used 2518K, capacity 2650K, committed 2688K, reserved 1048576K
}
Event: 1.707 GC heap before
{Heap before GC invocations=4 (full 1):
 PSYoungGen      total 140800K, used 103304K [0x000000076b580000, 0x0000000774980000, 0x00000007c0000000)
  eden space 130048K, 79% used [0x000000076b580000,0x0000000771a62280,0x0000000773480000)
  from space 10752K, 0% used [0x0000000773f00000,0x0000000773f00000,0x0000000774980000)
  to   space 10752K, 0% used [0x0000000773480000,0x0000000773480000,0x0000000773f00000)
 ParOldGen       total 116224K, used 9186K [0x00000006c2000000, 0x00000006c9180000, 0x000000076b580000)
  object space 116224K, 7% used [0x00000006c2000000,0x00000006c28f8a08,0x00000006c9180000)
 Metaspace       used 34703K, capacity 35270K, committed 35496K, reserved 1079296K
  class space    used 4551K, capacity 4742K, committed 4776K, reserved 1048576K
Event: 1.717 GC heap after
Heap after GC invocations=4 (full 1):
 PSYoungGen      total 140800K, used 10749K [0x000000076b580000, 0x0000000774980000, 0x00000007c0000000)
  eden space 130048K, 0% used [0x000000076b580000,0x000000076b580000,0x0000000773480000)
  from space 10752K, 99% used [0x0000000773480000,0x0000000773eff5e8,0x0000000773f00000)
  to   space 10752K, 0% used [0x0000000773f00000,0x0000000773f00000,0x0000000774980000)
 ParOldGen       total 116224K, used 20779K [0x00000006c2000000, 0x00000006c9180000, 0x000000076b580000)
  object space 116224K, 17% used [0x00000006c2000000,0x00000006c344ae78,0x00000006c9180000)
 Metaspace       used 34703K, capacity 35270K, committed 35496K, reserved 1079296K
  class space    used 4551K, capacity 4742K, committed 4776K, reserved 1048576K
}
Event: 1.717 GC heap before
{Heap before GC invocations=5 (full 2):
 PSYoungGen      total 140800K, used 10749K [0x000000076b580000, 0x0000000774980000, 0x00000007c0000000)
  eden space 130048K, 0% used [0x000000076b580000,0x000000076b580000,0x0000000773480000)
  from space 10752K, 99% used [0x0000000773480000,0x0000000773eff5e8,0x0000000773f00000)
  to   space 10752K, 0% used [0x0000000773f00000,0x0000000773f00000,0x0000000774980000)
 ParOldGen       total 116224K, used 20779K [0x00000006c2000000, 0x00000006c9180000, 0x000000076b580000)
  object space 116224K, 17% used [0x00000006c2000000,0x00000006c344ae78,0x00000006c9180000)
 Metaspace       used 34703K, capacity 35270K, committed 35496K, reserved 1079296K
  class space    used 4551K, capacity 4742K, committed 4776K, reserved 1048576K
Event: 1.744 GC heap after
Heap after GC invocations=5 (full 2):
 PSYoungGen      total 140800K, used 0K [0x000000076b580000, 0x0000000774980000, 0x00000007c0000000)
  eden space 130048K, 0% used [0x000000076b580000,0x000000076b580000,0x0000000773480000)
  from space 10752K, 0% used [0x0000000773480000,0x0000000773480000,0x0000000773f00000)
  to   space 10752K, 0% used [0x0000000773f00000,0x0000000773f00000,0x0000000774980000)
 ParOldGen       total 116224K, used 27704K [0x00000006c2000000, 0x00000006c9180000, 0x000000076b580000)
  object space 116224K, 23% used [0x00000006c2000000,0x00000006c3b0e070,0x00000006c9180000)
 Metaspace       used 34703K, capacity 35270K, committed 35496K, reserved 1079296K
  class space    used 4551K, capacity 4742K, committed 4776K, reserved 1048576K
}

