# JRE version: Java(TM) SE Runtime Environment (8.0_60-b27) (build 1.8.0_60-b27)
# Java VM: Java HotSpot(TM) 64-Bit Server VM (25.60-b23 mixed mode windows-amd64 compressed oops)
Heap:
 PSYoungGen      total 105472K, used 96075K [0x000000076b580000, 0x0000000772800000, 0x00000007c0000000)
  eden space 94720K, 90% used [0x000000076b580000,0x00000007708d76c0,0x0000000771200000)
  from space 10752K, 99% used [0x0000000771200000,0x0000000771c7b5f8,0x0000000771c80000)
  to   space 10752K, 0% used [0x0000000771c80000,0x0000000771c80000,0x0000000772700000)
 ParOldGen       total 114176K, used 34147K [0x00000006c2000000, 0x00000006c8f80000, 0x000000076b580000)
  object space 114176K, 29% used [0x00000006c2000000,0x00000006c4158dc8,0x00000006c8f80000)
 Metaspace       used 50742K, capacity 51734K, committed 51968K, reserved 1093632K
  class space    used 6567K, capacity 6805K, committed 6912K, reserved 1048576K
GC Heap History (10 events):
Event: 1.016 GC heap before
{Heap before GC invocations=3 (full 1):
 PSYoungGen      total 75776K, used 10054K [0x000000076b580000, 0x0000000770a00000, 0x00000007c0000000)
  eden space 65024K, 0% used [0x000000076b580000,0x000000076b580000,0x000000076f500000)
  from space 10752K, 93% used [0x000000076ff80000,0x0000000770951828,0x0000000770a00000)
  to   space 10752K, 0% used [0x000000076f500000,0x000000076f500000,0x000000076ff80000)
 ParOldGen       total 173568K, used 4548K [0x00000006c2000000, 0x00000006cc980000, 0x000000076b580000)
  object space 173568K, 2% used [0x00000006c2000000,0x00000006c2471048,0x00000006cc980000)
 Metaspace       used 20699K, capacity 21150K, committed 21296K, reserved 1069056K
  class space    used 2519K, capacity 2650K, committed 2688K, reserved 1048576K
Event: 1.035 GC heap after
Heap after GC invocations=3 (full 1):
 PSYoungGen      total 75776K, used 0K [0x000000076b580000, 0x0000000770a00000, 0x00000007c0000000)
  eden space 65024K, 0% used [0x000000076b580000,0x000000076b580000,0x000000076f500000)
  from space 10752K, 0% used [0x000000076ff80000,0x000000076ff80000,0x0000000770a00000)
  to   space 10752K, 0% used [0x000000076f500000,0x000000076f500000,0x000000076ff80000)
 ParOldGen       total 114176K, used 9555K [0x00000006c2000000, 0x00000006c8f80000, 0x000000076b580000)
  object space 114176K, 8% used [0x00000006c2000000,0x00000006c2954cf8,0x00000006c8f80000)
 Metaspace       used 20699K, capacity 21150K, committed 21296K, reserved 1069056K
  class space    used 2519K, capacity 2650K, committed 2688K, reserved 1048576K
}
Event: 1.719 GC heap before
{Heap before GC invocations=4 (full 1):
 PSYoungGen      total 75776K, used 65024K [0x000000076b580000, 0x0000000770a00000, 0x00000007c0000000)
  eden space 65024K, 100% used [0x000000076b580000,0x000000076f500000,0x000000076f500000)
  from space 10752K, 0% used [0x000000076ff80000,0x000000076ff80000,0x0000000770a00000)
  to   space 10752K, 0% used [0x000000076f500000,0x000000076f500000,0x000000076ff80000)
 ParOldGen       total 114176K, used 9555K [0x00000006c2000000, 0x00000006c8f80000, 0x000000076b580000)
  object space 114176K, 8% used [0x00000006c2000000,0x00000006c2954cf8,0x00000006c8f80000)
 Metaspace       used 28214K, capacity 28778K, committed 29056K, reserved 1075200K
  class space    used 3496K, capacity 3671K, committed 3712K, reserved 1048576K
Event: 1.727 GC heap after
Heap after GC invocations=4 (full 1):
 PSYoungGen      total 75776K, used 10742K [0x000000076b580000, 0x0000000772700000, 0x00000007c0000000)
  eden space 65024K, 0% used [0x000000076b580000,0x000000076b580000,0x000000076f500000)
  from space 10752K, 99% used [0x000000076f500000,0x000000076ff7d9b8,0x000000076ff80000)
  to   space 10752K, 0% used [0x0000000771c80000,0x0000000771c80000,0x0000000772700000)
 ParOldGen       total 114176K, used 14080K [0x00000006c2000000, 0x00000006c8f80000, 0x000000076b580000)
  object space 114176K, 12% used [0x00000006c2000000,0x00000006c2dc0230,0x00000006c8f80000)
 Metaspace       used 28214K, capacity 28778K, committed 29056K, reserved 1075200K
  class space    used 3496K, capacity 3671K, committed 3712K, reserved 1048576K
}
Event: 2.179 GC heap before
{Heap before GC invocations=5 (full 1):
 PSYoungGen      total 75776K, used 45940K [0x000000076b580000, 0x0000000772700000, 0x00000007c0000000)
  eden space 65024K, 54% used [0x000000076b580000,0x000000076d7df7f8,0x000000076f500000)
  from space 10752K, 99% used [0x000000076f500000,0x000000076ff7d9b8,0x000000076ff80000)
  to   space 10752K, 0% used [0x0000000771c80000,0x0000000771c80000,0x0000000772700000)
 ParOldGen       total 114176K, used 14080K [0x00000006c2000000, 0x00000006c8f80000, 0x000000076b580000)
  object space 114176K, 12% used [0x00000006c2000000,0x00000006c2dc0230,0x00000006c8f80000)
 Metaspace       used 34642K, capacity 35210K, committed 35456K, reserved 1079296K
  class space    used 4486K, capacity 4649K, committed 4736K, reserved 1048576K
Event: 2.188 GC heap after
Heap after GC invocations=5 (full 1):
 PSYoungGen      total 105472K, used 10743K [0x000000076b580000, 0x0000000772800000, 0x00000007c0000000)
  eden space 94720K, 0% used [0x000000076b580000,0x000000076b580000,0x0000000771200000)
  from space 10752K, 99% used [0x0000000771c80000,0x00000007726fdf20,0x0000000772700000)
  to   space 10752K, 0% used [0x0000000771200000,0x0000000771200000,0x0000000771c80000)
 ParOldGen       total 114176K, used 20525K [0x00000006c2000000, 0x00000006c8f80000, 0x000000076b580000)
  object space 114176K, 17% used [0x00000006c2000000,0x00000006c340b770,0x00000006c8f80000)
 Metaspace       used 34642K, capacity 35210K, committed 35456K, reserved 1079296K
  class space    used 4486K, capacity 4649K, committed 4736K, reserved 1048576K
}
Event: 2.188 GC heap before
{Heap before GC invocations=6 (full 2):
 PSYoungGen      total 105472K, used 10743K [0x000000076b580000, 0x0000000772800000, 0x00000007c0000000)
  eden space 94720K, 0% used [0x000000076b580000,0x000000076b580000,0x0000000771200000)
  from space 10752K, 99% used [0x0000000771c80000,0x00000007726fdf20,0x0000000772700000)
  to   space 10752K, 0% used [0x0000000771200000,0x0000000771200000,0x0000000771c80000)
 ParOldGen       total 114176K, used 20525K [0x00000006c2000000, 0x00000006c8f80000, 0x000000076b580000)
  object space 114176K, 17% used [0x00000006c2000000,0x00000006c340b770,0x00000006c8f80000)
 Metaspace       used 34642K, capacity 35210K, committed 35456K, reserved 1079296K
  class space    used 4486K, capacity 4649K, committed 4736K, reserved 1048576K
Event: 2.225 GC heap after
Heap after GC invocations=6 (full 2):
 PSYoungGen      total 105472K, used 0K [0x000000076b580000, 0x0000000772800000, 0x00000007c0000000)
  eden space 94720K, 0% used [0x000000076b580000,0x000000076b580000,0x0000000771200000)
  from space 10752K, 0% used [0x0000000771c80000,0x0000000771c80000,0x0000000772700000)
  to   space 10752K, 0% used [0x0000000771200000,0x0000000771200000,0x0000000771c80000)
 ParOldGen       total 114176K, used 22918K [0x00000006c2000000, 0x00000006c8f80000, 0x000000076b580000)
  object space 114176K, 20% used [0x00000006c2000000,0x00000006c3661940,0x00000006c8f80000)
 Metaspace       used 34642K, capacity 35210K, committed 35456K, reserved 1079296K
  class space    used 4486K, capacity 4649K, committed 4736K, reserved 1048576K
}
Event: 3.168 GC heap before
{Heap before GC invocations=7 (full 2):
 PSYoungGen      total 105472K, used 94720K [0x000000076b580000, 0x0000000772800000, 0x00000007c0000000)
  eden space 94720K, 100% used [0x000000076b580000,0x0000000771200000,0x0000000771200000)
  from space 10752K, 0% used [0x0000000771c80000,0x0000000771c80000,0x0000000772700000)
  to   space 10752K, 0% used [0x0000000771200000,0x0000000771200000,0x0000000771c80000)
 ParOldGen       total 114176K, used 22918K [0x00000006c2000000, 0x00000006c8f80000, 0x000000076b580000)
  object space 114176K, 20% used [0x00000006c2000000,0x00000006c3661940,0x00000006c8f80000)
 Metaspace       used 44291K, capacity 45114K, committed 45568K, reserved 1089536K
  class space    used 5650K, capacity 5857K, committed 5888K, reserved 1048576K
Event: 3.178 GC heap after
Heap after GC invocations=7 (full 2):
 PSYoungGen      total 105472K, used 10733K [0x000000076b580000, 0x0000000772800000, 0x00000007c0000000)
  eden space 94720K, 0% used [0x000000076b580000,0x000000076b580000,0x0000000771200000)
  from space 10752K, 99% used [0x0000000771200000,0x0000000771c7b5f8,0x0000000771c80000)
  to   space 10752K, 0% used [0x0000000771c80000,0x0000000771c80000,0x0000000772700000)
 ParOldGen       total 114176K, used 34147K [0x00000006c2000000, 0x00000006c8f80000, 0x000000076b580000)
  object space 114176K, 29% used [0x00000006c2000000,0x00000006c4158dc8,0x00000006c8f80000)
 Metaspace       used 44291K, capacity 45114K, committed 45568K, reserved 1089536K
  class space    used 5650K, capacity 5857K, committed 5888K, reserved 1048576K
}

